#
# There is insufficient memory for the Java Runtime Environment to continue.
# Native memory allocation (mmap) failed to map 268435456 bytes for G1 virtual space
# Possible reasons:
#   The system is out of physical RAM or swap space
#   The process is running with CompressedOops enabled, and the Java Heap may be blocking the growth of the native heap
# Possible solutions:
#   Reduce memory load on the system
#   Increase physical memory or swap space
#   Check if swap backing store is full
#   Decrease Java heap size (-Xmx/-Xms)
#   Decrease number of Java threads
#   Decrease Java thread stack sizes (-Xss)
#   Set larger code cache with -XX:ReservedCodeCacheSize=
#   JVM is running with Zero Based Compressed Oops mode in which the Java heap is
#     placed in the first 32GB address space. The Java Heap base address is the
#     maximum limit for the native heap growth. Please use -XX:HeapBaseMinAddress
#     to set the Java Heap base and to place the Java Heap above 32GB virtual address.
# This output file may be truncated or incomplete.
#
#  Out of Memory Error (os_windows.cpp:3771), pid=11528, tid=13380
#
# JRE version:  (17.0.7) (build )
# Java VM: OpenJDK 64-Bit Server VM (17.0.7+0-b2043.56-10550314, mixed mode, sharing, tiered, compressed oops, compressed class ptrs, g1 gc, windows-amd64)
# No core dump will be written. Minidumps are not enabled by default on client versions of Windows
#

---------------  S U M M A R Y ------------

Command Line: org.jetbrains.kotlin.cli.jvm.K2JVMCompiler @C:\Users\pr111busygin.OAT\Desktop\myapp-master\app\build\20241113_3342796744849425042.compiler.options

Host: Intel(R) Core(TM) i7-9700 CPU @ 3.00GHz, 8 cores, 15G,  Windows 10 , 64 bit Build 17763 (10.0.17763.4974)
Time: Wed Nov 13 16:40:28 2024 ќмское стандартное врем€ elapsed time: 0.005943 seconds (0d 0h 0m 0s)

---------------  T H R E A D  ---------------

Current thread (0x0000012dad515ee0):  JavaThread "Unknown thread" [_thread_in_vm, id=13380, stack(0x0000002338900000,0x0000002338a00000)]

Stack: [0x0000002338900000,0x0000002338a00000]
Native frames: (J=compiled Java code, j=interpreted, Vv=VM code, C=native code)
V  [jvm.dll+0x683bfa]
V  [jvm.dll+0x8430a4]
V  [jvm.dll+0x8449be]
V  [jvm.dll+0x845023]
V  [jvm.dll+0x24ad2f]
V  [jvm.dll+0x680ac9]
V  [jvm.dll+0x67519a]
V  [jvm.dll+0x30b3cb]
V  [jvm.dll+0x312876]
V  [jvm.dll+0x36221e]
V  [jvm.dll+0x36244f]
V  [jvm.dll+0x2e14a8]
V  [jvm.dll+0x2e2414]
V  [jvm.dll+0x814391]
V  [jvm.dll+0x36ffe1]
V  [jvm.dll+0x7f396c]
V  [jvm.dll+0x3f305f]
V  [jvm.dll+0x3f4b91]
C  [jli.dll+0x528f]
C  [ucrtbase.dll+0x2268a]
C  [KERNEL32.DLL+0x17ac4]
C  [ntdll.dll+0x5a8c1]


---------------  P R O C E S S  ---------------

Threads class SMR info:
_java_thread_list=0x00007ff88eddd098, length=0, elements={
}

Java Threads: ( => current thread )

Other Threads:
  0x0000012dad580ff0 GCTaskThread "GC Thread#0" [stack: 0x0000002338a00000,0x0000002338b00000] [id=7916]
  0x0000012dad592e00 ConcurrentGCThread "G1 Main Marker" [stack: 0x0000002338b00000,0x0000002338c00000] [id=1748]
  0x0000012dad593810 ConcurrentGCThread "G1 Conc#0" [stack: 0x0000002338c00000,0x0000002338d00000] [id=11308]

[error occurred during error reporting (printing all threads), id 0xc0000005, EXCEPTION_ACCESS_VIOLATION (0xc0000005) at pc=0x00007ff88e592087]

VM state: not at safepoint (not fully initialized)

VM Mutex/Monitor currently owned by a thread:  ([mutex/lock_event])
[0x0000012dad511a60] Heap_lock - owner thread: 0x0000012dad515ee0

Heap address: 0x0000000701400000, size: 4076 MB, Compressed Oops mode: Zero based, Oop shift amount: 3

CDS archive(s) mapped at: [0x0000000000000000-0x0000000000000000-0x0000000000000000), size 0, SharedBaseAddress: 0x0000000800000000, ArchiveRelocationMode: 0.
Narrow klass base: 0x0000000000000000, Narrow klass shift: 0, Narrow klass range: 0x0

GC Precious Log:
<Empty>

Heap:
 garbage-first heap   total 0K, used 0K [0x0000000701400000, 0x0000000800000000)
  region size 2048K, 0 young (0K), 0 survivors (0K)
 Metaspace       used 0K, committed 0K, reserved 0K
  class space    used 0K, committed 0K, reserved 0K

Heap Regions: E=young(eden), S=young(survivor), O=old, HS=humongous(starts), HC=humongous(continues), CS=collection set, F=free, OA=open archive, CA=closed archive, TAMS=top-at-mark-start (previous, next)

Card table byte_map: [0x0000012dc0510000,0x0000012dc0d10000] _byte_map_base: 0x0000012dbcd06000

Marking Bits (Prev, Next): (CMBitMap*) 0x0000012dad582610, (CMBitMap*) 0x0000012dad582650
 Prev Bits: [0x0000012dc1510000, 0x0000012dc54c0000)
 Next Bits: [0x0000012dc54c0000, 0x0000012dc9470000)

GC Heap History (0 events):
No events

Dll operation events (1 events):
Event: 0.003 Loaded shared library C:\Program Files\Android\Android Studio\jbr\bin\java.dll

Deoptimization events (0 events):
No events

Classes unloaded (0 events):
No events

Classes redefined (0 events):
No events

Internal exceptions (0 events):
No events

VM Operations (0 events):
No events

Events (0 events):
No events


Dynamic libraries:
0x00007ff65da00000 - 0x00007ff65da0a000 	C:\Program Files\Android\Android Studio\jbr\bin\java.exe
0x00007ff8d1fc0000 - 0x00007ff8d21ae000 	C:\Windows\SYSTEM32\ntdll.dll
0x00007ff8d06b0000 - 0x00007ff8d0763000 	C:\Windows\System32\KERNEL32.DLL
0x00007ff8ce3a0000 - 0x00007ff8ce63d000 	C:\Windows\System32\KERNELBASE.dll
0x00007ff8cf0b0000 - 0x00007ff8cf1aa000 	C:\Windows\System32\ucrtbase.dll
0x00007ff8a3250000 - 0x00007ff8a3267000 	C:\Program Files\Android\Android Studio\jbr\bin\jli.dll
0x00007ff8ca870000 - 0x00007ff8ca88b000 	C:\Program Files\Android\Android Studio\jbr\bin\VCRUNTIME140.dll
0x00007ff8cff50000 - 0x00007ff8d00e7000 	C:\Windows\System32\USER32.dll
0x00007ff8ce670000 - 0x00007ff8ce690000 	C:\Windows\System32\win32u.dll
0x00007ff8b68a0000 - 0x00007ff8b6b19000 	C:\Windows\WinSxS\amd64_microsoft.windows.common-controls_6595b64144ccf1df_6.0.17763.6054_none_de72924a534a146d\COMCTL32.dll
0x00007ff8cf230000 - 0x00007ff8cf259000 	C:\Windows\System32\GDI32.dll
0x00007ff8cf260000 - 0x00007ff8cf2fe000 	C:\Windows\System32\msvcrt.dll
0x00007ff8ce0f0000 - 0x00007ff8ce298000 	C:\Windows\System32\gdi32full.dll
0x00007ff8cfb60000 - 0x00007ff8cfe8a000 	C:\Windows\System32\combase.dll
0x00007ff8ce000000 - 0x00007ff8ce0a0000 	C:\Windows\System32\msvcp_win.dll
0x00007ff8cf610000 - 0x00007ff8cf728000 	C:\Windows\System32\RPCRT4.dll
0x00007ff8ce310000 - 0x00007ff8ce392000 	C:\Windows\System32\bcryptPrimitives.dll
0x00007ff8d0150000 - 0x00007ff8d017e000 	C:\Windows\System32\IMM32.DLL
0x00007ff8c9fe0000 - 0x00007ff8c9fec000 	C:\Program Files\Android\Android Studio\jbr\bin\vcruntime140_1.dll
0x00007ff8bf4d0000 - 0x00007ff8bf55d000 	C:\Program Files\Android\Android Studio\jbr\bin\msvcp140.dll
0x00007ff88e2a0000 - 0x00007ff88ef20000 	C:\Program Files\Android\Android Studio\jbr\bin\server\jvm.dll
0x00007ff8d0600000 - 0x00007ff8d06a8000 	C:\Windows\System32\ADVAPI32.dll
0x00007ff8cf730000 - 0x00007ff8cf7d2000 	C:\Windows\System32\sechost.dll
0x00007ff8ce640000 - 0x00007ff8ce666000 	C:\Windows\System32\bcrypt.dll
0x00007ff8ca650000 - 0x00007ff8ca674000 	C:\Windows\SYSTEM32\WINMM.dll
0x00007ff8bb700000 - 0x00007ff8bb709000 	C:\Windows\SYSTEM32\WSOCK32.dll
0x00007ff8cfaf0000 - 0x00007ff8cfb5d000 	C:\Windows\System32\WS2_32.dll
0x00007ff8ca620000 - 0x00007ff8ca64d000 	C:\Windows\SYSTEM32\WINMMBASE.dll
0x00007ff8c8aa0000 - 0x00007ff8c8aaa000 	C:\Windows\SYSTEM32\VERSION.dll
0x00007ff8ce0a0000 - 0x00007ff8ce0ea000 	C:\Windows\System32\cfgmgr32.dll
0x00007ff8cdf50000 - 0x00007ff8cdf61000 	C:\Windows\System32\kernel.appcore.dll
0x00007ff8ca6f0000 - 0x00007ff8ca6fa000 	C:\Program Files\Android\Android Studio\jbr\bin\jimage.dll
0x00007ff8ba640000 - 0x00007ff8ba82d000 	C:\Windows\SYSTEM32\DBGHELP.DLL
0x00007ff8b9500000 - 0x00007ff8b952a000 	C:\Windows\SYSTEM32\dbgcore.DLL
0x00007ff8bfe10000 - 0x00007ff8bfe35000 	C:\Program Files\Android\Android Studio\jbr\bin\java.dll

dbghelp: loaded successfully - version: 4.0.5 - missing functions: none
symbol engine: initialized successfully - sym options: 0x614 - pdb path: .;C:\Program Files\Android\Android Studio\jbr\bin;C:\Windows\SYSTEM32;C:\Windows\WinSxS\amd64_microsoft.windows.common-controls_6595b64144ccf1df_6.0.17763.6054_none_de72924a534a146d;C:\Program Files\Android\Android Studio\jbr\bin\server

VM Arguments:
java_command: org.jetbrains.kotlin.cli.jvm.K2JVMCompiler @C:\Users\pr111busygin.OAT\Desktop\myapp-master\app\build\20241113_3342796744849425042.compiler.options
java_class_path (initial): C:\Users\pr111busygin.OAT\.gradle\caches\modules-2\files-2.1\org.jetbrains.kotlin\kotlin-compiler-embeddable\1.9.0\2c8c3a7402becca891f12739b3e9fd2dc2adbd7a\kotlin-compiler-embeddable-1.9.0.jar;C:\Users\pr111busygin.OAT\.gradle\caches\modules-2\files-2.1\org.jetbrains.kotlin\kotlin-stdlib\1.9.0\8ee15ef0c67dc83d874f412d84378d7f0eb50b63\kotlin-stdlib-1.9.0.jar;C:\Users\pr111busygin.OAT\.gradle\caches\modules-2\files-2.1\org.jetbrains.kotlin\kotlin-script-runtime\1.9.0\4b3102cbbb7e1b58d9d1adf89563f00069ffa7d1\kotlin-script-runtime-1.9.0.jar;C:\Users\pr111busygin.OAT\.gradle\caches\modules-2\files-2.1\org.jetbrains.kotlin\kotlin-reflect\1.6.10\1cbe9c92c12a94eea200d23c2bbaedaf3daf5132\kotlin-reflect-1.6.10.jar;C:\Users\pr111busygin.OAT\.gradle\caches\modules-2\files-2.1\org.jetbrains.kotlin\kotlin-daemon-embeddable\1.9.0\186543f5e28cf8d9a0290fecc2cf34301c40a65c\kotlin-daemon-embeddable-1.9.0.jar;C:\Users\pr111busygin.OAT\.gradle\caches\modules-2\files-2.1\org.jetbrains.intellij.deps\trove4j\1.0.20200330\3afb14d5f9ceb459d724e907a21145e8ff394f02\trove4j-1.0.20200330.jar;C:\Users\pr111busygin.OAT\.gradle\caches\modules-2\files-2.1\org.jetbrains.kotlin\kotlin-stdlib-common\1.9.0\cd65c21cfd1eec4d44ef09f9f52b6d9f8a720636\kotlin-stdlib-common-1.9.0.jar;C:\Users\pr111busygin.OAT\.gradle\caches\modules-2\files-2.1\org.jetbrains\annotations\13.0\919f0dfe192fb4e063e7dacadee7f8bb9a2672a9\annotations-13.0.jar
Launcher Type: SUN_STANDARD

[Global flags]
     intx CICompilerCount                          = 4                                         {product} {ergonomic}
     uint ConcGCThreads                            = 2                                         {product} {ergonomic}
     uint G1ConcRefinementThreads                  = 8                                         {product} {ergonomic}
   size_t G1HeapRegionSize                         = 2097152                                   {product} {ergonomic}
    uintx GCDrainStackTargetSize                   = 64                                        {product} {ergonomic}
   size_t InitialHeapSize                          = 268435456                                 {product} {ergonomic}
   size_t MarkStackSize                            = 4194304                                   {product} {ergonomic}
   size_t MaxHeapSize                              = 4273995776                                {product} {ergonomic}
   size_t MinHeapDeltaBytes                        = 2097152                                   {product} {ergonomic}
   size_t MinHeapSize                              = 8388608                                   {product} {ergonomic}
    uintx NonNMethodCodeHeapSize                   = 5839372                                {pd product} {ergonomic}
    uintx NonProfiledCodeHeapSize                  = 122909434                              {pd product} {ergonomic}
    uintx ProfiledCodeHeapSize                     = 122909434                              {pd product} {ergonomic}
    uintx ReservedCodeCacheSize                    = 251658240                              {pd product} {ergonomic}
     bool SegmentedCodeCache                       = true                                      {product} {ergonomic}
   size_t SoftMaxHeapSize                          = 4273995776                             {manageable} {ergonomic}
     bool UseCompressedClassPointers               = true                           {product lp64_product} {ergonomic}
     bool UseCompressedOops                        = true                           {product lp64_product} {ergonomic}
     bool UseG1GC                                  = true                                      {product} {ergonomic}
     bool UseLargePagesIndividualAllocation        = false                                  {pd product} {ergonomic}

Logging:
Log output configuration:
 #0: stdout all=warning uptime,level,tags
 #1: stderr all=off uptime,level,tags

Environment Variables:
JAVA_HOME=C:\Program Files\Android\Jdk\microsoft_dist_openjdk_1.8.0.25
PATH=C:\Program Files\Python312\Scripts\;C:\Program Files\Python312\;C:\Program Files\Python311\Scripts\;C:\Program Files\Python311\;C:\Program Files\Common Files\Oracle\Java\javapath;C:\Program Files (x86)\Python38\Scripts\;C:\Program Files (x86)\Python38\;C:\Program Files\Microsoft MPI\Bin\;C:\Windows\system32;C:\Windows;C:\Windows\System32\Wbem;C:\Windows\System32\WindowsPowerShell\v1.0\;C:\Windows\System32\OpenSSH\;C:\Program Files (x86)\Microsoft SQL Server\150\DTS\Binn\;C:\Program Files\dotnet\;C:\Program Files\Microsoft SQL Server\130\Tools\Binn\;C:\Program Files (x86)\Microsoft SQL Server\140\Tools\Binn\;C:\Program Files\Microsoft SQL Server\140\Tools\Binn\;C:\Program Files (x86)\Microsoft SQL Server\140\DTS\Binn\;C:\Program Files\Microsoft SQL Server\140\DTS\Binn\;C:\Program Files\Microsoft SQL Server\Client SDK\ODBC\130\Tools\Binn\;C:\Program Files\Microsoft SQL Server\Client SDK\ODBC\170\Tools\Binn\;C:\Program Files (x86)\IncrediBuild;C:\Program Files (x86)\NVIDIA Corporation\PhysX\Common;C:\Program Files\Git\cmd;C:\Program Files\Azure Data Studio\bin;C:\Program Files\Microsoft VS Code\bin;C:\Program Files (x86)\Kaspersky Lab\KES.12.2.0\;C:\Users\pr111busygin.OAT\AppData\Local\Microsoft\WindowsApps;
USERNAME=pr111busygin
OS=Windows_NT
PROCESSOR_IDENTIFIER=Intel64 Family 6 Model 158 Stepping 13, GenuineIntel
TMP=C:\Users\pr111busygin.OAT\AppData\Local\Temp
TEMP=C:\Users\pr111busygin.OAT\AppData\Local\Temp


JNI global refs:
JNI global refs: 0, weak refs: 0

JNI global refs memory usage: 0, weak refs: 0

OOME stack traces (most recent first):
Classloader memory used:


---------------  S Y S T E M  ---------------

OS:
 Windows 10 , 64 bit Build 17763 (10.0.17763.4974)
OS uptime: 0 days 3:31 hours

CPU: total 8 (initial active 8) (8 cores per cpu, 1 threads per core) family 6 model 158 stepping 13 microcode 0xde, cx8, cmov, fxsr, mmx, 3dnowpref, sse, sse2, sse3, ssse3, sse4.1, sse4.2, popcnt, lzcnt, tsc, tscinvbit, avx, avx2, aes, erms, clmul, bmi1, bmi2, adx, fma, vzeroupper, clflush, clflushopt

Memory: 4k page, system-wide physical 16303M (2459M free)
TotalPageFile size 16303M (AvailPageFile size 143M)
current process WorkingSet (physical memory assigned to process): 10M, peak: 10M
current process commit charge ("private bytes"): 60M, peak: 316M

vm_info: OpenJDK 64-Bit Server VM (17.0.7+0-b2043.56-10550314) for windows-amd64 JRE (17.0.7+0-b2043.56-10550314), built on Jul 24 2023 18:27:45 by "androidbuild" with MS VC++ 16.10 / 16.11 (VS2019)

END.
